<?xml version="1.0" encoding="UTF-8"?>
<!-- Generated by org.testng.reporters.JUnitReportReporter -->
<testsuite hostname="REM-LT-220331C" failures="0" tests="1" name="pageFactory.SearchValidation" time="25.430" errors="0" timestamp="2022-07-25T15:12:03 CDT" skipped="0">
  <testcase classname="pageFactory.SearchValidation" name="search" time="25.430"/>
  <system-out/>
</testsuite> <!-- pageFactory.SearchValidation -->
