<?xml version="1.0" encoding="UTF-8"?>
<!-- Generated by org.testng.reporters.JUnitReportReporter -->
<testsuite hostname="REM-LT-220331C" failures="0" tests="1" name="com.courseSelenium.SearchValidation" time="54.969" errors="0" timestamp="2022-08-04T17:20:09 CDT" skipped="0">
  <testcase classname="com.courseSelenium.SearchValidation" name="search" time="54.969"/>
  <system-out/>
</testsuite> <!-- com.courseSelenium.SearchValidation -->
